<?xml version="1.0" encoding="UTF-8"?>
<!-- Generated by org.testng.reporters.JUnitReportReporter -->
<testsuite skipped="0" hostname="DC2GF73L9L" name="Tests.CartTest" tests="1" failures="0" timestamp="2022-12-23T23:47:15 PST" time="10.753" errors="0">
  <testcase name="seeCartList" time="10.753" classname="Tests.CartTest"/>
  <system-out/>
</testsuite> <!-- Tests.CartTest -->
